2015/03/13 16:49:15 [error] [system.db.CDbCommand] CDbCommand::fetchAll() failed: SQLSTATE[42S02]: Base table or view not found: 1146 Table 'hotel5.{{users}}' doesn't exist. The SQL statement executed was: SHOW FULL COLUMNS FROM `{{users}}`.
in E:\wamp2\www\hotel5\protected\modules\user\components\UserIdentity.php (27)
in E:\wamp2\www\hotel5\protected\modules\user\components\UserIdentity.php (27)
in E:\wamp2\www\hotel5\protected\modules\user\models\UserLogin.php (52)
2015/03/13 16:49:15 [error] [exception.CDbException] exception 'CDbException' with message 'The table "{{users}}" for active record class "User" cannot be found in the database.' in E:\wamp2\www\framework\db\ar\CActiveRecord.php:2362
Stack trace:
#0 E:\wamp2\www\framework\db\ar\CActiveRecord.php(411): CActiveRecordMetaData->__construct(Object(User))
#1 E:\wamp2\www\framework\db\ar\CActiveRecord.php(212): CActiveRecord->getMetaData()
#2 E:\wamp2\www\hotel5\protected\modules\user\components\UserIdentity.php(27): CActiveRecord->__call('notsafe', Array)
#3 E:\wamp2\www\hotel5\protected\modules\user\components\UserIdentity.php(27): User->notsafe()
#4 E:\wamp2\www\hotel5\protected\modules\user\models\UserLogin.php(52): UserIdentity->authenticate()
#5 E:\wamp2\www\framework\validators\CInlineValidator.php(42): UserLogin->authenticate('password', Array)
#6 E:\wamp2\www\framework\validators\CValidator.php(213): CInlineValidator->validateAttribute(Object(UserLogin), 'password')
#7 E:\wamp2\www\framework\base\CModel.php(159): CValidator->validate(Object(UserLogin), NULL)
#8 E:\wamp2\www\hotel5\protected\modules\user\controllers\LoginController.php(19): CModel->validate()
#9 E:\wamp2\www\framework\web\actions\CInlineAction.php(49): LoginController->actionLogin()
#10 E:\wamp2\www\framework\web\CController.php(308): CInlineAction->runWithParams(Array)
#11 E:\wamp2\www\framework\web\CController.php(286): CController->runAction(Object(CInlineAction))
#12 E:\wamp2\www\framework\web\CController.php(265): CController->runActionWithFilters(Object(CInlineAction), Array)
#13 E:\wamp2\www\framework\web\CWebApplication.php(282): CController->run('')
#14 E:\wamp2\www\framework\web\CWebApplication.php(141): CWebApplication->runController('user/login')
#15 E:\wamp2\www\framework\base\CApplication.php(180): CWebApplication->processRequest()
#16 E:\wamp2\www\hotel5\index.php(13): CApplication->run()
#17 {main}
REQUEST_URI=/hotel5/index.php?r=user/login
HTTP_REFERER=http://localhost/hotel5/index.php?r=user/login
---
2015/03/13 16:51:17 [error] [php] mail(): Failed to connect to mailserver at &quot;localhost&quot; port 25, verify your &quot;SMTP&quot; and &quot;smtp_port&quot; setting in php.ini or use ini_set() (E:\wamp2\www\hotel5\protected\modules\user\UserModule.php:210)
Stack trace:
#0 E:\wamp2\www\framework\web\actions\CInlineAction.php(49): RegistrationController->actionRegistration()
#1 E:\wamp2\www\framework\web\CController.php(308): CInlineAction->runWithParams()
#2 E:\wamp2\www\framework\web\CController.php(286): RegistrationController->runAction()
#3 E:\wamp2\www\framework\web\CController.php(265): RegistrationController->runActionWithFilters()
#4 E:\wamp2\www\framework\web\CWebApplication.php(282): RegistrationController->run()
#5 E:\wamp2\www\framework\web\CWebApplication.php(141): CWebApplication->runController()
#6 E:\wamp2\www\framework\base\CApplication.php(180): CWebApplication->processRequest()
#7 E:\wamp2\www\hotel5\index.php(13): CWebApplication->run()
REQUEST_URI=/hotel5/index.php?r=user/registration
in E:\wamp2\www\hotel5\protected\modules\user\UserModule.php (210)
in E:\wamp2\www\hotel5\protected\modules\user\controllers\RegistrationController.php (58)
in E:\wamp2\www\hotel5\index.php (13)
2015/03/13 17:16:29 [error] [php] mail(): Failed to connect to mailserver at &quot;localhost&quot; port 25, verify your &quot;SMTP&quot; and &quot;smtp_port&quot; setting in php.ini or use ini_set() (E:\wamp2\www\hotel5\protected\modules\user\UserModule.php:210)
Stack trace:
#0 E:\wamp2\www\framework\web\actions\CInlineAction.php(49): RegistrationController->actionRegistration()
#1 E:\wamp2\www\framework\web\CController.php(308): CInlineAction->runWithParams()
#2 E:\wamp2\www\framework\web\CController.php(286): RegistrationController->runAction()
#3 E:\wamp2\www\framework\web\CController.php(265): RegistrationController->runActionWithFilters()
#4 E:\wamp2\www\framework\web\CWebApplication.php(282): RegistrationController->run()
#5 E:\wamp2\www\framework\web\CWebApplication.php(141): CWebApplication->runController()
#6 E:\wamp2\www\framework\base\CApplication.php(180): CWebApplication->processRequest()
#7 E:\wamp2\www\hotel5\index.php(13): CWebApplication->run()
REQUEST_URI=/hotel5/index.php?r=user/registration
in E:\wamp2\www\hotel5\protected\modules\user\UserModule.php (210)
in E:\wamp2\www\hotel5\protected\modules\user\controllers\RegistrationController.php (58)
in E:\wamp2\www\hotel5\index.php (13)
